::1 - - [11/Dec/2017:22:49:27 +0000] "GET / HTTP/1.1" 304 -
::1 - - [11/Dec/2017:22:49:27 +0000] "GET /images/carbody.png HTTP/1.1" 304 -
::1 - - [11/Dec/2017:22:49:27 +0000] "GET /static/js/read-csv.js HTTP/1.1" 304 -
::1 - - [11/Dec/2017:22:49:27 +0000] "GET /style/style.css HTTP/1.1" 304 -
::1 - - [11/Dec/2017:22:49:39 +0000] "GET /favicon.ico HTTP/1.1" 404 209
::1 - - [11/Dec/2017:22:50:10 +0000] "GET /images/davtyre.png HTTP/1.1" 200 404865
::1 - - [11/Dec/2017:23:04:14 +0000] "GET /favicon.ico HTTP/1.1" 404 209
::1 - - [11/Dec/2017:23:06:07 +0000] "GET / HTTP/1.1" 200 45012
::1 - - [11/Dec/2017:23:06:07 +0000] "GET /style/style.css HTTP/1.1" 200 2747
::1 - - [11/Dec/2017:23:06:07 +0000] "GET /static/js/read-csv.js HTTP/1.1" 200 3639
::1 - - [11/Dec/2017:23:06:07 +0000] "GET /images/carbody.png HTTP/1.1" 200 76402
::1 - - [11/Dec/2017:23:06:07 +0000] "GET /favicon.ico HTTP/1.1" 404 209
::1 - - [11/Dec/2017:23:06:11 +0000] "GET /images/davtyre.png HTTP/1.1" 200 404865
::1 - - [11/Dec/2017:23:06:26 +0000] "GET / HTTP/1.1" 304 -
::1 - - [11/Dec/2017:23:07:02 +0000] "GET / HTTP/1.1" 304 -
::1 - - [11/Dec/2017:23:07:02 +0000] "GET /style/style.css HTTP/1.1" 304 -
::1 - - [11/Dec/2017:23:07:40 +0000] "GET / HTTP/1.1" 304 -
::1 - - [11/Dec/2017:23:07:59 +0000] "GET / HTTP/1.1" 304 -
::1 - - [11/Dec/2017:23:07:59 +0000] "GET /style/style.css HTTP/1.1" 304 -
::1 - - [11/Dec/2017:23:11:25 +0000] "GET / HTTP/1.1" 304 -
::1 - - [11/Dec/2017:23:11:25 +0000] "GET /style/style.css HTTP/1.1" 200 2744
::1 - - [11/Dec/2017:23:11:25 +0000] "GET /images/carbody.png HTTP/1.1" 304 -
::1 - - [11/Dec/2017:23:11:25 +0000] "GET /static/js/read-csv.js HTTP/1.1" 304 -
::1 - - [11/Dec/2017:23:11:25 +0000] "GET /favicon.ico HTTP/1.1" 404 209
::1 - - [11/Dec/2017:23:11:32 +0000] "GET /images/davtyre.png HTTP/1.1" 304 -
